GROUP,PACKAGE,CLASS,INSTRUCTION_MISSED,INSTRUCTION_COVERED,BRANCH_MISSED,BRANCH_COVERED,LINE_MISSED,LINE_COVERED,COMPLEXITY_MISSED,COMPLEXITY_COVERED,METHOD_MISSED,METHOD_COVERED
amit_charran_p1,com.revature,Driver,107,0,0,0,23,0,4,0,4,0
amit_charran_p1,com.revature.service,TvShowService,329,13,24,0,79,5,21,2,9,2
amit_charran_p1,com.revature.service,MovieService,336,0,24,0,80,0,22,0,10,0
amit_charran_p1,com.revature.servlet,TvShowServlet,34,0,0,0,12,0,6,0,6,0
amit_charran_p1,com.revature.servlet,MovieServlet,30,0,0,0,11,0,5,0,5,0
amit_charran_p1,com.revature.model,MovieRating,54,0,0,0,6,0,1,0,1,0
amit_charran_p1,com.revature.model,Movies,114,0,8,0,30,0,18,0,14,0
amit_charran_p1,com.revature.model,TvShows,68,0,6,0,24,0,14,0,11,0
