GROUP,PACKAGE,CLASS,INSTRUCTION_MISSED,INSTRUCTION_COVERED,BRANCH_MISSED,BRANCH_COVERED,LINE_MISSED,LINE_COVERED,COMPLEXITY_MISSED,COMPLEXITY_COVERED,METHOD_MISSED,METHOD_COVERED
amit_charran_p1,com.revature,Driver,146,0,0,0,37,0,5,0,5,0
amit_charran_p1,com.revature.service,TvShowService,100,240,12,12,33,51,11,12,2,9
amit_charran_p1,com.revature.service,MovieService,84,253,12,12,29,52,10,12,1,9
amit_charran_p1,com.revature.servlet,TvShowServlet,34,0,0,0,12,0,6,0,6,0
amit_charran_p1,com.revature.servlet,MovieServlet,30,0,0,0,11,0,5,0,5,0
amit_charran_p1,com.revature.model,MovieRating,54,0,0,0,6,0,1,0,1,0
amit_charran_p1,com.revature.model,Movies,52,62,4,4,12,18,10,8,6,8
amit_charran_p1,com.revature.model,TvShows,18,50,3,3,9,15,7,7,4,7
